#
# There is insufficient memory for the Java Runtime Environment to continue.
# Cannot create GC thread. Out of system resources.
# Possible reasons:
#   The system is out of physical RAM or swap space
#   In 32 bit mode, the process size limit was hit
# Possible solutions:
#   Reduce memory load on the system
#   Increase physical memory or swap space
#   Check if swap backing store is full
#   Use 64 bit Java on a 64 bit OS
#   Decrease Java heap size (-Xmx/-Xms)
#   Decrease number of Java threads
#   Decrease Java thread stack sizes (-Xss)
#   Set larger code cache with -XX:ReservedCodeCacheSize=
# This output file may be truncated or incomplete.
#
#  Out of Memory Error (gcTaskThread.cpp:46), pid=53079, tid=140096601483008
#
# JRE version: 7.0_25-b15
# Java VM: Java HotSpot(TM) 64-Bit Server VM (23.25-b01 mixed mode linux-amd64 compressed oops)
# Failed to write core dump. Core dumps have been disabled. To enable core dumping, try "ulimit -c unlimited" before starting Java again
#

---------------  T H R E A D  ---------------

Current thread (0x00007f6ac400e800):  JavaThread "Unknown thread" [_thread_in_vm, id=53081, stack(0x00007f6ac81a6000,0x00007f6ac82a7000)]

Stack: [0x00007f6ac81a6000,0x00007f6ac82a7000],  sp=0x00007f6ac82a55c0,  free space=1021k
Native frames: (J=compiled Java code, j=interpreted, Vv=VM code, C=native code)
V  [libjvm.so+0x8a1d3a]  VMError::report_and_die()+0x2ea
V  [libjvm.so+0x4071fb]  report_vm_out_of_memory(char const*, int, unsigned long, char const*)+0x9b
V  [libjvm.so+0x4b3e2a]  GCTaskThread::GCTaskThread(GCTaskManager*, unsigned int, unsigned int)+0xfa
V  [libjvm.so+0x4b2896]  GCTaskManager::initialize()+0x266
V  [libjvm.so+0x75dc4f]  ParallelScavengeHeap::initialize()+0x6cf
V  [libjvm.so+0x87a078]  Universe::initialize_heap()+0xb8
V  [libjvm.so+0x87c7ed]  universe_init()+0x7d
V  [libjvm.so+0x500315]  init_globals()+0x65
V  [libjvm.so+0x863a62]  Threads::create_vm(JavaVMInitArgs*, bool*)+0x1e2
V  [libjvm.so+0x55ff34]  JNI_CreateJavaVM+0x74
C  [libjli.so+0x2f8e]  JavaMain+0x9e


---------------  P R O C E S S  ---------------

Java Threads: ( => current thread )

Other Threads:

=>0x00007f6ac400e800 (exited) JavaThread "Unknown thread" [_thread_in_vm, id=53081, stack(0x00007f6ac81a6000,0x00007f6ac82a7000)]

VM state:not at safepoint (not fully initialized)

VM Mutex/Monitor currently owned by a thread: None

GC Heap History (0 events):
No events

Deoptimization events (0 events):
No events

Internal exceptions (0 events):
No events

Events (0 events):
No events


Dynamic libraries:
00400000-00401000 r-xp 00000000 08:03 6032751                            /usr/java/jdk1.7.0_25/bin/java
00600000-00601000 rw-p 00000000 08:03 6032751                            /usr/java/jdk1.7.0_25/bin/java
018e5000-01906000 rw-p 00000000 00:00 0                                  [heap]
80000000-814c0000 rw-p 00000000 00:00 0 
814c0000-85200000 rw-p 00000000 00:00 0 
85200000-da760000 rw-p 00000000 00:00 0 
da760000-581b60000 rw-p 00000000 00:00 0 
581b60000-5ac600000 rw-p 00000000 00:00 0 
5ac600000-800000000 rw-p 00000000 00:00 0 
3f5be00000-3f5be20000 r-xp 00000000 08:03 262529                         /lib64/ld-2.12.so
3f5c01f000-3f5c020000 r--p 0001f000 08:03 262529                         /lib64/ld-2.12.so
3f5c020000-3f5c021000 rw-p 00020000 08:03 262529                         /lib64/ld-2.12.so
3f5c021000-3f5c022000 rw-p 00000000 00:00 0 
3f5c200000-3f5c283000 r-xp 00000000 08:03 262534                         /lib64/libm-2.12.so
3f5c283000-3f5c482000 ---p 00083000 08:03 262534                         /lib64/libm-2.12.so
3f5c482000-3f5c483000 r--p 00082000 08:03 262534                         /lib64/libm-2.12.so
3f5c483000-3f5c484000 rw-p 00083000 08:03 262534                         /lib64/libm-2.12.so
3f5c600000-3f5c78a000 r-xp 00000000 08:03 262530                         /lib64/libc-2.12.so
3f5c78a000-3f5c989000 ---p 0018a000 08:03 262530                         /lib64/libc-2.12.so
3f5c989000-3f5c98d000 r--p 00189000 08:03 262530                         /lib64/libc-2.12.so
3f5c98d000-3f5c98e000 rw-p 0018d000 08:03 262530                         /lib64/libc-2.12.so
3f5c98e000-3f5c993000 rw-p 00000000 00:00 0 
3f5ca00000-3f5ca02000 r-xp 00000000 08:03 262533                         /lib64/libdl-2.12.so
3f5ca02000-3f5cc02000 ---p 00002000 08:03 262533                         /lib64/libdl-2.12.so
3f5cc02000-3f5cc03000 r--p 00002000 08:03 262533                         /lib64/libdl-2.12.so
3f5cc03000-3f5cc04000 rw-p 00003000 08:03 262533                         /lib64/libdl-2.12.so
3f5ce00000-3f5ce17000 r-xp 00000000 08:03 262532                         /lib64/libpthread-2.12.so
3f5ce17000-3f5d017000 ---p 00017000 08:03 262532                         /lib64/libpthread-2.12.so
3f5d017000-3f5d018000 r--p 00017000 08:03 262532                         /lib64/libpthread-2.12.so
3f5d018000-3f5d019000 rw-p 00018000 08:03 262532                         /lib64/libpthread-2.12.so
3f5d019000-3f5d01d000 rw-p 00000000 00:00 0 
3f5d600000-3f5d607000 r-xp 00000000 08:03 262546                         /lib64/librt-2.12.so
3f5d607000-3f5d806000 ---p 00007000 08:03 262546                         /lib64/librt-2.12.so
3f5d806000-3f5d807000 r--p 00006000 08:03 262546                         /lib64/librt-2.12.so
3f5d807000-3f5d808000 rw-p 00007000 08:03 262546                         /lib64/librt-2.12.so
7f6ab30e4000-7f6ab32dc000 rw-p 00000000 00:00 0 
7f6ab32dc000-7f6ab32dd000 ---p 00000000 00:00 0 
7f6ab32dd000-7f6ab33dd000 rw-p 00000000 00:00 0 
7f6ab33dd000-7f6ab33de000 ---p 00000000 00:00 0 
7f6ab33de000-7f6ab34de000 rw-p 00000000 00:00 0 
7f6ab34de000-7f6ab34df000 ---p 00000000 00:00 0 
7f6ab34df000-7f6ab35df000 rw-p 00000000 00:00 0 
7f6ab35df000-7f6ab35e0000 ---p 00000000 00:00 0 
7f6ab35e0000-7f6ab36e0000 rw-p 00000000 00:00 0 
7f6ab36e0000-7f6ab36e1000 ---p 00000000 00:00 0 
7f6ab36e1000-7f6ab37e1000 rw-p 00000000 00:00 0 
7f6ab37e1000-7f6ab37e2000 ---p 00000000 00:00 0 
7f6ab37e2000-7f6ab38e2000 rw-p 00000000 00:00 0 
7f6ab38e2000-7f6ab38e3000 ---p 00000000 00:00 0 
7f6ab38e3000-7f6ab39e3000 rw-p 00000000 00:00 0 
7f6ab39e3000-7f6ab39e4000 ---p 00000000 00:00 0 
7f6ab39e4000-7f6ab3ae4000 rw-p 00000000 00:00 0 
7f6ab3ae4000-7f6ab3ae5000 ---p 00000000 00:00 0 
7f6ab3ae5000-7f6ab3be5000 rw-p 00000000 00:00 0 
7f6ab3be5000-7f6ab3be6000 ---p 00000000 00:00 0 
7f6ab3be6000-7f6ab3ce6000 rw-p 00000000 00:00 0 
7f6ab3ce6000-7f6ab3ce7000 ---p 00000000 00:00 0 
7f6ab3ce7000-7f6ab3de7000 rw-p 00000000 00:00 0 
7f6ab3de7000-7f6ab3de8000 ---p 00000000 00:00 0 
7f6ab3de8000-7f6ab3ee8000 rw-p 00000000 00:00 0 
7f6ab3ee8000-7f6ab3ee9000 ---p 00000000 00:00 0 
7f6ab3ee9000-7f6ab3fe9000 rw-p 00000000 00:00 0 
7f6ab3fe9000-7f6ab3fea000 ---p 00000000 00:00 0 
7f6ab3fea000-7f6ab4395000 rw-p 00000000 00:00 0 
7f6ab4395000-7f6ab68cf000 rw-p 00000000 00:00 0 
7f6ab68cf000-7f6ab68da000 rw-p 00000000 00:00 0 
7f6ab68da000-7f6ab68f8000 rw-p 00000000 00:00 0 
7f6ab68f8000-7f6ab6ba3000 rw-p 00000000 00:00 0 
7f6ab6ba3000-7f6ab90dc000 rw-p 00000000 00:00 0 
7f6ab90dc000-7f6ab9232000 rw-p 00000000 00:00 0 
7f6ab9232000-7f6aba4cf000 rw-p 00000000 00:00 0 
7f6aba4cf000-7f6aba4d0000 rw-p 00000000 00:00 0 
7f6aba4d0000-7f6aba740000 rwxp 00000000 00:00 0 
7f6aba740000-7f6abd4d0000 rw-p 00000000 00:00 0 
7f6abd4d0000-7f6abd4eb000 r-xp 00000000 08:03 6032925                    /usr/java/jdk1.7.0_25/jre/lib/amd64/libzip.so
7f6abd4eb000-7f6abd6ea000 ---p 0001b000 08:03 6032925                    /usr/java/jdk1.7.0_25/jre/lib/amd64/libzip.so
7f6abd6ea000-7f6abd6eb000 rw-p 0001a000 08:03 6032925                    /usr/java/jdk1.7.0_25/jre/lib/amd64/libzip.so
7f6abd6eb000-7f6abd6f7000 r-xp 00000000 08:03 262173                     /lib64/libnss_files-2.12.so
7f6abd6f7000-7f6abd8f7000 ---p 0000c000 08:03 262173                     /lib64/libnss_files-2.12.so
7f6abd8f7000-7f6abd8f8000 r--p 0000c000 08:03 262173                     /lib64/libnss_files-2.12.so
7f6abd8f8000-7f6abd8f9000 rw-p 0000d000 08:03 262173                     /lib64/libnss_files-2.12.so
7f6abd8f9000-7f6ac378a000 r--p 00000000 08:03 5902517                    /usr/lib/locale/locale-archive
7f6ac378a000-7f6ac378d000 r-xp 00000000 08:03 6032915                    /usr/java/jdk1.7.0_25/jre/lib/amd64/libnpt.so
7f6ac378d000-7f6ac398c000 ---p 00003000 08:03 6032915                    /usr/java/jdk1.7.0_25/jre/lib/amd64/libnpt.so
7f6ac398c000-7f6ac398d000 rw-p 00002000 08:03 6032915                    /usr/java/jdk1.7.0_25/jre/lib/amd64/libnpt.so
7f6ac398d000-7f6ac39c6000 r-xp 00000000 08:03 6032900                    /usr/java/jdk1.7.0_25/jre/lib/amd64/libjdwp.so
7f6ac39c6000-7f6ac3bc5000 ---p 00039000 08:03 6032900                    /usr/java/jdk1.7.0_25/jre/lib/amd64/libjdwp.so
7f6ac3bc5000-7f6ac3bc7000 rw-p 00038000 08:03 6032900                    /usr/java/jdk1.7.0_25/jre/lib/amd64/libjdwp.so
7f6ac3bc7000-7f6ac3bf0000 r-xp 00000000 08:03 6032894                    /usr/java/jdk1.7.0_25/jre/lib/amd64/libjava.so
7f6ac3bf0000-7f6ac3df0000 ---p 00029000 08:03 6032894                    /usr/java/jdk1.7.0_25/jre/lib/amd64/libjava.so
7f6ac3df0000-7f6ac3df2000 rw-p 00029000 08:03 6032894                    /usr/java/jdk1.7.0_25/jre/lib/amd64/libjava.so
7f6ac3df2000-7f6ac3dff000 r-xp 00000000 08:03 6032924                    /usr/java/jdk1.7.0_25/jre/lib/amd64/libverify.so
7f6ac3dff000-7f6ac3ffe000 ---p 0000d000 08:03 6032924                    /usr/java/jdk1.7.0_25/jre/lib/amd64/libverify.so
7f6ac3ffe000-7f6ac4000000 rw-p 0000c000 08:03 6032924                    /usr/java/jdk1.7.0_25/jre/lib/amd64/libverify.so
7f6ac4000000-7f6ac403f000 rw-p 00000000 00:00 0 
7f6ac403f000-7f6ac8000000 ---p 00000000 00:00 0 
7f6ac80bd000-7f6ac80c8000 rw-p 00000000 00:00 0 
7f6ac80c8000-7f6ac80e6000 rw-p 00000000 00:00 0 
7f6ac80e6000-7f6ac80f0000 rw-p 00000000 00:00 0 
7f6ac80f0000-7f6ac81a6000 rw-p 00000000 00:00 0 
7f6ac81a6000-7f6ac81a9000 ---p 00000000 00:00 0 
7f6ac81a9000-7f6ac82a7000 rw-p 00000000 00:00 0 
7f6ac82a7000-7f6ac8ce8000 r-xp 00000000 08:03 6032929                    /usr/java/jdk1.7.0_25/jre/lib/amd64/server/libjvm.so
7f6ac8ce8000-7f6ac8ee8000 ---p 00a41000 08:03 6032929                    /usr/java/jdk1.7.0_25/jre/lib/amd64/server/libjvm.so
7f6ac8ee8000-7f6ac8f8b000 rw-p 00a41000 08:03 6032929                    /usr/java/jdk1.7.0_25/jre/lib/amd64/server/libjvm.so
7f6ac8f8b000-7f6ac8fca000 rw-p 00000000 00:00 0 
7f6ac8fca000-7f6ac8fe0000 r-xp 00000000 08:03 6032876                    /usr/java/jdk1.7.0_25/jre/lib/amd64/jli/libjli.so
7f6ac8fe0000-7f6ac91e0000 ---p 00016000 08:03 6032876                    /usr/java/jdk1.7.0_25/jre/lib/amd64/jli/libjli.so
7f6ac91e0000-7f6ac91e1000 rw-p 00016000 08:03 6032876                    /usr/java/jdk1.7.0_25/jre/lib/amd64/jli/libjli.so
7f6ac91e1000-7f6ac91e2000 rw-p 00000000 00:00 0 
7f6ac91ec000-7f6ac91ee000 rw-p 00000000 00:00 0 
7f6ac91ee000-7f6ac91f6000 rw-s 00000000 08:03 7342483                    /tmp/hsperfdata_zjc/53079
7f6ac91f6000-7f6ac91f7000 rw-p 00000000 00:00 0 
7f6ac91f7000-7f6ac91f8000 r--p 00000000 00:00 0 
7f6ac91f8000-7f6ac91f9000 rw-p 00000000 00:00 0 
7fff41e9e000-7fff41eb6000 rw-p 00000000 00:00 0                          [stack]
7fff41f99000-7fff41f9a000 r-xp 00000000 00:00 0                          [vdso]
ffffffffff600000-ffffffffff601000 r-xp 00000000 00:00 0                  [vsyscall]

VM Arguments:
jvm_args: -agentlib:jdwp=transport=dt_socket,suspend=y,address=localhost:57217 -Dfile.encoding=UTF-8 
java_command: org.apache.hadoop.mapreduce.v2.app.MRAppMaster
Launcher Type: SUN_STANDARD

Environment Variables:
JAVA_HOME=/usr/java/jdk1.7.0_25
JRE_HOME=/usr/java/jdk1.7.0_25/jre
CLASSPATH=.:/usr/java/jdk1.7.0_25/lib:/usr/java/jdk1.7.0_25/jre/lib
PATH=/home/zjc/hadoop-2.1.0-beta/bin:/home/zjc/hadoop-2.1.0-beta/sbin:/home/zjc/software/apache-maven-3.0.4/bin:/usr/java/jdk1.7.0_25/bin:/home/zjc/tool-src/apache-maven-3.0.4/bin:/home/zjc/eclipse:/home/zjc/tool-src/findbugs-2.0.2/bin:/home/zjc/tool-src/protobuf-install/bin:/usr/lib64/qt-3.3/bin:/usr/local/bin:/bin:/usr/bin:/usr/local/sbin:/usr/sbin:/sbin:/usr/java/default/bin:/home/zjc/bin:/home/zjc/software/eclipse
LD_LIBRARY_PATH=/usr/java/jdk1.7.0_25/include:/home/zjc/findbugs-2.0.2/lib:/home/zjc/tool-src/protobuf-install/lib:
SHELL=/bin/bash
DISPLAY=localhost:15.0

Signal Handlers:
SIGSEGV: [libjvm.so+0x8a26a0], sa_mask[0]=0x7ffbfeff, sa_flags=0x10000004
SIGBUS: [libjvm.so+0x8a26a0], sa_mask[0]=0x7ffbfeff, sa_flags=0x10000004
SIGFPE: [libjvm.so+0x73f3d0], sa_mask[0]=0x7ffbfeff, sa_flags=0x10000004
SIGPIPE: [libjvm.so+0x73f3d0], sa_mask[0]=0x7ffbfeff, sa_flags=0x10000004
SIGXFSZ: [libjvm.so+0x73f3d0], sa_mask[0]=0x7ffbfeff, sa_flags=0x10000004
SIGILL: [libjvm.so+0x73f3d0], sa_mask[0]=0x7ffbfeff, sa_flags=0x10000004
SIGUSR1: SIG_DFL, sa_mask[0]=0x00000000, sa_flags=0x00000000
SIGUSR2: [libjvm.so+0x73ed20], sa_mask[0]=0x00000004, sa_flags=0x10000004
SIGHUP: SIG_DFL, sa_mask[0]=0x00000000, sa_flags=0x00000000
SIGINT: SIG_DFL, sa_mask[0]=0x00000000, sa_flags=0x00000000
SIGTERM: SIG_DFL, sa_mask[0]=0x00000000, sa_flags=0x00000000
SIGQUIT: SIG_DFL, sa_mask[0]=0x00000000, sa_flags=0x00000000


---------------  S Y S T E M  ---------------

OS:CentOS release 6.4 (Final)

uname:Linux 2.6.32-358.el6.x86_64 #1 SMP Fri Feb 22 00:31:26 UTC 2013 x86_64
libc:glibc 2.12 NPTL 2.12 
rlimit: STACK 10240k, CORE 0k, NPROC 1024, NOFILE 4096, AS infinity
load average:0.95 3.18 3.60

/proc/meminfo:
MemTotal:       529231344 kB
MemFree:        457354788 kB
Buffers:          943640 kB
Cached:         60260944 kB
SwapCached:            0 kB
Active:         40440832 kB
Inactive:       25305896 kB
Active(anon):    4540300 kB
Inactive(anon):     3236 kB
Active(file):   35900532 kB
Inactive(file): 25302660 kB
Unevictable:           0 kB
Mlocked:               0 kB
SwapTotal:      10485752 kB
SwapFree:       10485752 kB
Dirty:               312 kB
Writeback:             0 kB
AnonPages:       4564012 kB
Mapped:           102504 kB
Shmem:              1376 kB
Slab:            3060364 kB
SReclaimable:    2844168 kB
SUnreclaim:       216196 kB
KernelStack:       21368 kB
PageTables:        39508 kB
NFS_Unstable:          0 kB
Bounce:                0 kB
WritebackTmp:          0 kB
CommitLimit:    275101424 kB
Committed_AS:   16696800 kB
VmallocTotal:   34359738367 kB
VmallocUsed:     1095052 kB
VmallocChunk:   33956690276 kB
HardwareCorrupted:     0 kB
AnonHugePages:   3491840 kB
HugePages_Total:       0
HugePages_Free:        0
HugePages_Rsvd:        0
HugePages_Surp:        0
Hugepagesize:       2048 kB
DirectMap4k:        4344 kB
DirectMap2M:     2015232 kB
DirectMap1G:    534773760 kB


CPU:total 64 (8 cores per cpu, 2 threads per core) family 6 model 47 stepping 2, cmov, cx8, fxsr, mmx, sse, sse2, sse3, ssse3, sse4.1, sse4.2, popcnt, ht, tsc, tscinvbit

/proc/cpuinfo:
processor	: 0
vendor_id	: GenuineIntel
cpu family	: 6
model		: 47
model name	: Intel(R) Xeon(R) CPU E7- 4820  @ 2.00GHz
stepping	: 2
cpu MHz		: 1064.000
cache size	: 18432 KB
physical id	: 0
siblings	: 16
core id		: 0
cpu cores	: 8
apicid		: 0
initial apicid	: 0
fpu		: yes
fpu_exception	: yes
cpuid level	: 11
wp		: yes
flags		: fpu vme de pse tsc msr pae mce cx8 apic sep mtrr pge mca cmov pat pse36 clflush dts acpi mmx fxsr sse sse2 ss ht tm pbe syscall nx pdpe1gb rdtscp lm constant_tsc arch_perfmon pebs bts rep_good xtopology nonstop_tsc aperfmperf pni dtes64 monitor ds_cpl vmx smx est tm2 ssse3 cx16 xtpr pdcm pcid dca sse4_1 sse4_2 x2apic popcnt lahf_lm ida arat epb dts tpr_shadow vnmi flexpriority ept vpid
bogomips	: 3990.23
clflush size	: 64
cache_alignment	: 64
address sizes	: 44 bits physical, 48 bits virtual
power management:

processor	: 1
vendor_id	: GenuineIntel
cpu family	: 6
model		: 47
model name	: Intel(R) Xeon(R) CPU E7- 4820  @ 2.00GHz
stepping	: 2
cpu MHz		: 1064.000
cache size	: 18432 KB
physical id	: 2
siblings	: 16
core id		: 0
cpu cores	: 8
apicid		: 128
initial apicid	: 128
fpu		: yes
fpu_exception	: yes
cpuid level	: 11
wp		: yes
flags		: fpu vme de pse tsc msr pae mce cx8 apic sep mtrr pge mca cmov pat pse36 clflush dts acpi mmx fxsr sse sse2 ss ht tm pbe syscall nx pdpe1gb rdtscp lm constant_tsc arch_perfmon pebs bts rep_good xtopology nonstop_tsc aperfmperf pni dtes64 monitor ds_cpl vmx smx est tm2 ssse3 cx16 xtpr pdcm pcid dca sse4_1 sse4_2 x2apic popcnt lahf_lm ida arat epb dts tpr_shadow vnmi flexpriority ept vpid
bogomips	: 3989.87
clflush size	: 64
cache_alignment	: 64
address sizes	: 44 bits physical, 48 bits virtual
power management:

processor	: 2
vendor_id	: GenuineIntel
cpu family	: 6
model		: 47
model name	: Intel(R) Xeon(R) CPU E7- 4820  @ 2.00GHz
stepping	: 2
cpu MHz		: 1064.000
cache size	: 18432 KB
physical id	: 1
siblings	: 16
core id		: 0
cpu cores	: 8
apicid		: 64
initial apicid	: 64
fpu		: yes
fpu_exception	: yes
cpuid level	: 11
wp		: yes
flags		: fpu vme de pse tsc msr pae mce cx8 apic sep mtrr pge mca cmov pat pse36 clflush dts acpi mmx fxsr sse sse2 ss ht tm pbe syscall nx pdpe1gb rdtscp lm constant_tsc arch_perfmon pebs bts rep_good xtopology nonstop_tsc aperfmperf pni dtes64 monitor ds_cpl vmx smx est tm2 ssse3 cx16 xtpr pdcm pcid dca sse4_1 sse4_2 x2apic popcnt lahf_lm ida arat epb dts tpr_shadow vnmi flexpriority ept vpid
bogomips	: 3989.90
clflush size	: 64
cache_alignment	: 64
address sizes	: 44 bits physical, 48 bits virtual
power management:

processor	: 3
vendor_id	: GenuineIntel
cpu family	: 6
model		: 47
model name	: Intel(R) Xeon(R) CPU E7- 4820  @ 2.00GHz
stepping	: 2
cpu MHz		: 1996.000
cache size	: 18432 KB
physical id	: 3
siblings	: 16
core id		: 0
cpu cores	: 8
apicid		: 192
initial apicid	: 192
fpu		: yes
fpu_exception	: yes
cpuid level	: 11
wp		: yes
flags		: fpu vme de pse tsc msr pae mce cx8 apic sep mtrr pge mca cmov pat pse36 clflush dts acpi mmx fxsr sse sse2 ss ht tm pbe syscall nx pdpe1gb rdtscp lm constant_tsc arch_perfmon pebs bts rep_good xtopology nonstop_tsc aperfmperf pni dtes64 monitor ds_cpl vmx smx est tm2 ssse3 cx16 xtpr pdcm pcid dca sse4_1 sse4_2 x2apic popcnt lahf_lm ida arat epb dts tpr_shadow vnmi flexpriority ept vpid
bogomips	: 3989.88
clflush size	: 64
cache_alignment	: 64
address sizes	: 44 bits physical, 48 bits virtual
power management:

processor	: 4
vendor_id	: GenuineIntel
cpu family	: 6
model		: 47
model name	: Intel(R) Xeon(R) CPU E7- 4820  @ 2.00GHz
stepping	: 2
cpu MHz		: 1996.000
cache size	: 18432 KB
physical id	: 0
siblings	: 16
core id		: 8
cpu cores	: 8
apicid		: 16
initial apicid	: 16
fpu		: yes
fpu_exception	: yes
cpuid level	: 11
wp		: yes
flags		: fpu vme de pse tsc msr pae mce cx8 apic sep mtrr pge mca cmov pat pse36 clflush dts acpi mmx fxsr sse sse2 ss ht tm pbe syscall nx pdpe1gb rdtscp lm constant_tsc arch_perfmon pebs bts rep_good xtopology nonstop_tsc aperfmperf pni dtes64 monitor ds_cpl vmx smx est tm2 ssse3 cx16 xtpr pdcm pcid dca sse4_1 sse4_2 x2apic popcnt lahf_lm ida arat epb dts tpr_shadow vnmi flexpriority ept vpid
bogomips	: 3990.23
clflush size	: 64
cache_alignment	: 64
address sizes	: 44 bits physical, 48 bits virtual
power management:

processor	: 5
vendor_id	: GenuineIntel
cpu family	: 6
model		: 47
model name	: Intel(R) Xeon(R) CPU E7- 4820  @ 2.00GHz
stepping	: 2
cpu MHz		: 1064.000
cache size	: 18432 KB
physical id	: 2
siblings	: 16
core id		: 8
cpu cores	: 8
apicid		: 144
initial apicid	: 144
fpu		: yes
fpu_exception	: yes
cpuid level	: 11
wp		: yes
flags		: fpu vme de pse tsc msr pae mce cx8 apic sep mtrr pge mca cmov pat pse36 clflush dts acpi mmx fxsr sse sse2 ss ht tm pbe syscall nx pdpe1gb rdtscp lm constant_tsc arch_perfmon pebs bts rep_good xtopology nonstop_tsc aperfmperf pni dtes64 monitor ds_cpl vmx smx est tm2 ssse3 cx16 xtpr pdcm pcid dca sse4_1 sse4_2 x2apic popcnt lahf_lm ida arat epb dts tpr_shadow vnmi flexpriority ept vpid
bogomips	: 3989.87
clflush size	: 64
cache_alignment	: 64
address sizes	: 44 bits physical, 48 bits virtual
power management:

processor	: 6
vendor_id	: GenuineIntel
cpu family	: 6
model		: 47
model name	: Intel(R) Xeon(R) CPU E7- 4820  @ 2.00GHz
stepping	: 2
cpu MHz		: 1064.000
cache size	: 18432 KB
physical id	: 1
siblings	: 16
core id		: 8
cpu cores	: 8
apicid		: 80
initial apicid	: 80
fpu		: yes
fpu_exception	: yes
cpuid level	: 11
wp		: yes
flags		: fpu vme de pse tsc msr pae mce cx8 apic sep mtrr pge mca cmov pat pse36 clflush dts acpi mmx fxsr sse sse2 ss ht tm pbe syscall nx pdpe1gb rdtscp lm constant_tsc arch_perfmon pebs bts rep_good xtopology nonstop_tsc aperfmperf pni dtes64 monitor ds_cpl vmx smx est tm2 ssse3 cx16 xtpr pdcm pcid dca sse4_1 sse4_2 x2apic popcnt lahf_lm ida arat epb dts tpr_shadow vnmi flexpriority ept vpid
bogomips	: 3989.90
clflush size	: 64
cache_alignment	: 64
address sizes	: 44 bits physical, 48 bits virtual
power management:

processor	: 7
vendor_id	: GenuineIntel
cpu family	: 6
model		: 47
model name	: Intel(R) Xeon(R) CPU E7- 4820  @ 2.00GHz
stepping	: 2
cpu MHz		: 1996.000
cache size	: 18432 KB
physical id	: 3
siblings	: 16
core id		: 8
cpu cores	: 8
apicid		: 208
initial apicid	: 208
fpu		: yes
fpu_exception	: yes
cpuid level	: 11
wp		: yes
flags		: fpu vme de pse tsc msr pae mce cx8 apic sep mtrr pge mca cmov pat pse36 clflush dts acpi mmx fxsr sse sse2 ss ht tm pbe syscall nx pdpe1gb rdtscp lm constant_tsc arch_perfmon pebs bts rep_good xtopology nonstop_tsc aperfmperf pni dtes64 monitor ds_cpl vmx smx est tm2 ssse3 cx16 xtpr pdcm pcid dca sse4_1 sse4_2 x2apic popcnt lahf_lm ida arat epb dts tpr_shadow vnmi flexpriority ept vpid
bogomips	: 3989.88
clflush size	: 64
cache_alignment	: 64
address sizes	: 44 bits physical, 48 bits virtual
power management:

processor	: 8
vendor_id	: GenuineIntel
cpu family	: 6
model		: 47
model name	: Intel(R) Xeon(R) CPU E7- 4820  @ 2.00GHz
stepping	: 2
cpu MHz		: 1064.000
cache size	: 18432 KB
physical id	: 0
siblings	: 16
core id		: 24
cpu cores	: 8
apicid		: 48
initial apicid	: 48
fpu		: yes
fpu_exception	: yes
cpuid level	: 11
wp		: yes
flags		: fpu vme de pse tsc msr pae mce cx8 apic sep mtrr pge mca cmov pat pse36 clflush dts acpi mmx fxsr sse sse2 ss ht tm pbe syscall nx pdpe1gb rdtscp lm constant_tsc arch_perfmon pebs bts rep_good xtopology nonstop_tsc aperfmperf pni dtes64 monitor ds_cpl vmx smx est tm2 ssse3 cx16 xtpr pdcm pcid dca sse4_1 sse4_2 x2apic popcnt lahf_lm ida arat epb dts tpr_shadow vnmi flexpriority ept vpid
bogomips	: 3990.23
clflush size	: 64
cache_alignment	: 64
address sizes	: 44 bits physical, 48 bits virtual
power management:

processor	: 9
vendor_id	: GenuineIntel
cpu family	: 6
model		: 47
model name	: Intel(R) Xeon(R) CPU E7- 4820  @ 2.00GHz
stepping	: 2
cpu MHz		: 1064.000
cache size	: 18432 KB
physical id	: 2
siblings	: 16
core id		: 24
cpu cores	: 8
apicid		: 176
initial apicid	: 176
fpu		: yes
fpu_exception	: yes
cpuid level	: 11
wp		: yes
flags		: fpu vme de pse tsc msr pae mce cx8 apic sep mtrr pge mca cmov pat pse36 clflush dts acpi mmx fxsr sse sse2 ss ht tm pbe syscall nx pdpe1gb rdtscp lm constant_tsc arch_perfmon pebs bts rep_good xtopology nonstop_tsc aperfmperf pni dtes64 monitor ds_cpl vmx smx est tm2 ssse3 cx16 xtpr pdcm pcid dca sse4_1 sse4_2 x2apic popcnt lahf_lm ida arat epb dts tpr_shadow vnmi flexpriority ept vpid
bogomips	: 3989.87
clflush size	: 64
cache_alignment	: 64
address sizes	: 44 bits physical, 48 bits virtual
power management:

processor	: 10
vendor_id	: GenuineIntel
cpu family	: 6
model		: 47
model name	: Intel(R) Xeon(R) CPU E7- 4820  @ 2.00GHz
stepping	: 2
cpu MHz		: 1064.000
cache size	: 18432 KB
physical id	: 1
siblings	: 16
core id		: 24
cpu cores	: 8
apicid		: 112
initial apicid	: 112
fpu		: yes
fpu_exception	: yes
cpuid level	: 11
wp		: yes
flags		: fpu vme de pse tsc msr pae mce cx8 apic sep mtrr pge mca cmov pat pse36 clflush dts acpi mmx fxsr sse sse2 ss ht tm pbe syscall nx pdpe1gb rdtscp lm constant_tsc arch_perfmon pebs bts rep_good xtopology nonstop_tsc aperfmperf pni dtes64 monitor ds_cpl vmx smx est tm2 ssse3 cx16 xtpr pdcm pcid dca sse4_1 sse4_2 x2apic popcnt lahf_lm ida arat epb dts tpr_shadow vnmi flexpriority ept vpid
bogomips	: 3989.90
clflush size	: 64
cache_alignment	: 64
address sizes	: 44 bits physical, 48 bits virtual
power management:

processor	: 11
vendor_id	: GenuineIntel
cpu family	: 6
model		: 47
model name	: Intel(R) Xeon(R) CPU E7- 4820  @ 2.00GHz
stepping	: 2
cpu MHz		: 1064.000
cache size	: 18432 KB
physical id	: 3
siblings	: 16
core id		: 24
cpu cores	: 8
apicid		: 240
initial apicid	: 240
fpu		: yes
fpu_exception	: yes
cpuid level	: 11
wp		: yes
flags		: fpu vme de pse tsc msr pae mce cx8 apic sep mtrr pge mca cmov pat pse36 clflush dts acpi mmx fxsr sse sse2 ss ht tm pbe syscall nx pdpe1gb rdtscp lm constant_tsc arch_perfmon pebs bts rep_good xtopology nonstop_tsc aperfmperf pni dtes64 monitor ds_cpl vmx smx est tm2 ssse3 cx16 xtpr pdcm pcid dca sse4_1 sse4_2 x2apic popcnt lahf_lm ida arat epb dts tpr_shadow vnmi flexpriority ept vpid
bogomips	: 3989.88
clflush size	: 64
cache_alignment	: 64
address sizes	: 44 bits physical, 48 bits virtual
power management:

processor	: 12
vendor_id	: GenuineIntel
cpu family	: 6
model		: 47
model name	: Intel(R) Xeon(R) CPU E7- 4820  @ 2.00GHz
stepping	: 2
cpu MHz		: 1064.000
cache size	: 18432 KB
physical id	: 0
siblings	: 16
core id		: 1
cpu cores	: 8
apicid		: 2
initial apicid	: 2
fpu		: yes
fpu_exception	: yes
cpuid level	: 11
wp		: yes
flags		: fpu vme de pse tsc msr pae mce cx8 apic sep mtrr pge mca cmov pat pse36 clflush dts acpi mmx fxsr sse sse2 ss ht tm pbe syscall nx pdpe1gb rdtscp lm constant_tsc arch_perfmon pebs bts rep_good xtopology nonstop_tsc aperfmperf pni dtes64 monitor ds_cpl vmx smx est tm2 ssse3 cx16 xtpr pdcm pcid dca sse4_1 sse4_2 x2apic popcnt lahf_lm ida arat epb dts tpr_shadow vnmi flexpriority ept vpid
bogomips	: 3990.23
clflush size	: 64
cache_alignment	: 64
address sizes	: 44 bits physical, 48 bits virtual
power management:

processor	: 13
vendor_id	: GenuineIntel
cpu family	: 6
model		: 47
model name	: Intel(R) Xeon(R) CPU E7- 4820  @ 2.00GHz
stepping	: 2
cpu MHz		: 1064.000
cache size	: 18432 KB
physical id	: 2
siblings	: 16
core id		: 1
cpu cores	: 8
apicid		: 130
initial apicid	: 130
fpu		: yes
fpu_exception	: yes
cpuid level	: 11
wp		: yes
flags		: fpu vme de pse tsc msr pae mce cx8 apic sep mtrr pge mca cmov pat pse36 clflush dts acpi mmx fxsr sse sse2 ss ht tm pbe syscall nx pdpe1gb rdtscp lm constant_tsc arch_perfmon pebs bts rep_good xtopology nonstop_tsc aperfmperf pni dtes64 monitor ds_cpl vmx smx est tm2 ssse3 cx16 xtpr pdcm pcid dca sse4_1 sse4_2 x2apic popcnt lahf_lm ida arat epb dts tpr_shadow vnmi flexpriority ept vpid
bogomips	: 3989.87
clflush size	: 64
cache_alignment	: 64
address sizes	: 44 bits physical, 48 bits virtual
power management:

processor	: 14
vendor_id	: GenuineIntel
cpu family	: 6
model		: 47
model name	: Intel(R) Xeon(R) CPU E7- 4820  @ 2.00GHz
stepping	: 2
cpu MHz		: 1064.000
cache size	: 18432 KB
physical id	: 1
siblings	: 16
core id		: 1
cpu cores	: 8
apicid		: 66
initial apicid	: 66
fpu		: yes
fpu_exception	: yes
cpuid level	: 11
wp		: yes
flags		: fpu vme de pse tsc msr pae mce cx8 apic sep mtrr pge mca cmov pat pse36 clflush dts acpi mmx fxsr sse sse2 ss ht tm pbe syscall nx pdpe1gb rdtscp lm constant_tsc arch_perfmon pebs bts rep_good xtopology nonstop_tsc aperfmperf pni dtes64 monitor ds_cpl vmx smx est tm2 ssse3 cx16 xtpr pdcm pcid dca sse4_1 sse4_2 x2apic popcnt lahf_lm ida arat epb dts tpr_shadow vnmi flexpriority ept vpid
bogomips	: 3989.90
clflush size	: 64
cache_alignment	: 64
address sizes	: 44 bits physical, 48 bits virtual
power management:

processor	: 15
vendor_id	: GenuineIntel
cpu family	: 6
model		: 47
model name	: Intel(R) Xeon(R) CPU E7- 4820  @ 2.00GHz
stepping	: 2
cpu MHz		: 1064.000
cache size	: 18432 KB
physical id	: 3
siblings	: 16
core id		: 1
cpu cores	: 8
apicid		: 194
initial apicid	: 194
fpu		: yes
fpu_exception	: yes
cpuid level	: 11
wp		: yes
flags		: fpu vme de pse tsc msr pae mce cx8 apic sep mtrr pge mca cmov pat pse36 clflush dts acpi mmx fxsr sse sse2 ss ht tm pbe syscall nx pdpe1gb rdtscp lm constant_tsc arch_perfmon pebs bts rep_good xtopology nonstop_tsc aperfmperf pni dtes64 monitor ds_cpl vmx smx est tm2 ssse3 cx16 xtpr pdcm pcid dca sse4_1 sse4_2 x2apic popcnt lahf_lm ida arat epb dts tpr_shadow vnmi flexpriority ept vpid
bogomips	: 3989.88
clflush size	: 64
cache_alignment	: 64
address sizes	: 44 bits physical, 48 bits virtual
power management:

processor	: 16
vendor_id	: GenuineIntel
cpu family	: 6
model		: 47
model name	: Intel(R) Xeon(R) CPU E7- 4820  @ 2.00GHz
stepping	: 2
cpu MHz		: 1064.000
cache size	: 18432 KB
physical id	: 0
siblings	: 16
core id		: 17
cpu cores	: 8
apicid		: 34
initial apicid	: 34
fpu		: yes
fpu_exception	: yes
cpuid level	: 11
wp		: yes
flags		: fpu vme de pse tsc msr pae mce cx8 apic sep mtrr pge mca cmov pat pse36 clflush dts acpi mmx fxsr sse sse2 ss ht tm pbe syscall nx pdpe1gb rdtscp lm constant_tsc arch_perfmon pebs bts rep_good xtopology nonstop_tsc aperfmperf pni dtes64 monitor ds_cpl vmx smx est tm2 ssse3 cx16 xtpr pdcm pcid dca sse4_1 sse4_2 x2apic popcnt lahf_lm ida arat epb dts tpr_shadow vnmi flexpriority ept vpid
bogomips	: 3990.23
clflush size	: 64
cache_alignment	: 64
address sizes	: 44 bits physical, 48 bits virtual
power management:

processor	: 17
vendor_id	: GenuineIntel
cpu family	: 6
model		: 47
model name	: Intel(R) Xeon(R) CPU E7- 4820  @ 2.00GHz
stepping	: 2
cpu MHz		: 1996.000
cache size	: 18432 KB
physical id	: 2
siblings	: 16
core id		: 17
cpu cores	: 8
apicid		: 162
initial apicid	: 162
fpu		: yes
fpu_exception	: yes
cpuid level	: 11
wp		: yes
flags		: fpu vme de pse tsc msr pae mce cx8 apic sep mtrr pge mca cmov pat pse36 clflush dts acpi mmx fxsr sse sse2 ss ht tm pbe syscall nx pdpe1gb rdtscp lm constant_tsc arch_perfmon pebs bts rep_good xtopology nonstop_tsc aperfmperf pni dtes64 monitor ds_cpl vmx smx est tm2 ssse3 cx16 xtpr pdcm pcid dca sse4_1 sse4_2 x2apic popcnt lahf_lm ida arat epb dts tpr_shadow vnmi flexpriority ept vpid
bogomips	: 3989.87
clflush size	: 64
cache_alignment	: 64
address sizes	: 44 bits physical, 48 bits virtual
power management:

processor	: 18
vendor_id	: GenuineIntel
cpu family	: 6
model		: 47
model name	: Intel(R) Xeon(R) CPU E7- 4820  @ 2.00GHz
stepping	: 2
cpu MHz		: 1064.000
cache size	: 18432 KB
physical id	: 1
siblings	: 16
core id		: 17
cpu cores	: 8
apicid		: 98
initial apicid	: 98
fpu		: yes
fpu_exception	: yes
cpuid level	: 11
wp		: yes
flags		: fpu vme de pse tsc msr pae mce cx8 apic sep mtrr pge mca cmov pat pse36 clflush dts acpi mmx fxsr sse sse2 ss ht tm pbe syscall nx pdpe1gb rdtscp lm constant_tsc arch_perfmon pebs bts rep_good xtopology nonstop_tsc aperfmperf pni dtes64 monitor ds_cpl vmx smx est tm2 ssse3 cx16 xtpr pdcm pcid dca sse4_1 sse4_2 x2apic popcnt lahf_lm ida arat epb dts tpr_shadow vnmi flexpriority ept vpid
bogomips	: 3989.90
clflush size	: 64
cache_alignment	: 64
address sizes	: 44 bits physical, 48 bits virtual
power management:

processor	: 19
vendor_id	: GenuineIntel
cpu family	: 6
model		: 47
model name	: Intel(R) Xeon(R) CPU E7- 4820  @ 2.00GHz
stepping	: 2
cpu MHz		: 1996.000
cache size	: 18432 KB
physical id	: 3
siblings	: 16
core id		: 17
cpu cores	: 8
apicid		: 226
initial apicid	: 226
fpu		: yes
fpu_exception	: yes
cpuid level	: 11
wp		: yes
flags		: fpu vme de pse tsc msr pae mce cx8 apic sep mtrr pge mca cmov pat pse36 clflush dts acpi mmx fxsr sse sse2 ss ht tm pbe syscall nx pdpe1gb rdtscp lm constant_tsc arch_perfmon pebs bts rep_good xtopology nonstop_tsc aperfmperf pni dtes64 monitor ds_cpl vmx smx est tm2 ssse3 cx16 xtpr pdcm pcid dca sse4_1 sse4_2 x2apic popcnt lahf_lm ida arat epb dts tpr_shadow vnmi flexpriority ept vpid
bogomips	: 3989.88
clflush size	: 64
cache_alignment	: 64
address sizes	: 44 bits physical, 48 bits virtual
power management:

processor	: 20
vendor_id	: GenuineIntel
cpu family	: 6
model		: 47
model name	: Intel(R) Xeon(R) CPU E7- 4820  @ 2.00GHz
stepping	: 2
cpu MHz		: 1064.000
cache size	: 18432 KB
physical id	: 0
siblings	: 16
core id		: 25
cpu cores	: 8
apicid		: 50
initial apicid	: 50
fpu		: yes
fpu_exception	: yes
cpuid level	: 11
wp		: yes
flags		: fpu vme de pse tsc msr pae mce cx8 apic sep mtrr pge mca cmov pat pse36 clflush dts acpi mmx fxsr sse sse2 ss ht tm pbe syscall nx pdpe1gb rdtscp lm constant_tsc arch_perfmon pebs bts rep_good xtopology nonstop_tsc aperfmperf pni dtes64 monitor ds_cpl vmx smx est tm2 ssse3 cx16 xtpr pdcm pcid dca sse4_1 sse4_2 x2apic popcnt lahf_lm ida arat epb dts tpr_shadow vnmi flexpriority ept vpid
bogomips	: 3990.23
clflush size	: 64
cache_alignment	: 64
address sizes	: 44 bits physical, 48 bits virtual
power management:

processor	: 21
vendor_id	: GenuineIntel
cpu family	: 6
model		: 47
model name	: Intel(R) Xeon(R) CPU E7- 4820  @ 2.00GHz
stepping	: 2
cpu MHz		: 1064.000
cache size	: 18432 KB
physical id	: 2
siblings	: 16
core id		: 25
cpu cores	: 8
apicid		: 178
initial apicid	: 178
fpu		: yes
fpu_exception	: yes
cpuid level	: 11
wp		: yes
flags		: fpu vme de pse tsc msr pae mce cx8 apic sep mtrr pge mca cmov pat pse36 clflush dts acpi mmx fxsr sse sse2 ss ht tm pbe syscall nx pdpe1gb rdtscp lm constant_tsc arch_perfmon pebs bts rep_good xtopology nonstop_tsc aperfmperf pni dtes64 monitor ds_cpl vmx smx est tm2 ssse3 cx16 xtpr pdcm pcid dca sse4_1 sse4_2 x2apic popcnt lahf_lm ida arat epb dts tpr_shadow vnmi flexpriority ept vpid
bogomips	: 3989.87
clflush size	: 64
cache_alignment	: 64
address sizes	: 44 bits physical, 48 bits virtual
power management:

processor	: 22
vendor_id	: GenuineIntel
cpu family	: 6
model		: 47
model name	: Intel(R) Xeon(R) CPU E7- 4820  @ 2.00GHz
stepping	: 2
cpu MHz		: 1064.000
cache size	: 18432 KB
physical id	: 1
siblings	: 16
core id		: 25
cpu cores	: 8
apicid		: 114
initial apicid	: 114
fpu		: yes
fpu_exception	: yes
cpuid level	: 11
wp		: yes
flags		: fpu vme de pse tsc msr pae mce cx8 apic sep mtrr pge mca cmov pat pse36 clflush dts acpi mmx fxsr sse sse2 ss ht tm pbe syscall nx pdpe1gb rdtscp lm constant_tsc arch_perfmon pebs bts rep_good xtopology nonstop_tsc aperfmperf pni dtes64 monitor ds_cpl vmx smx est tm2 ssse3 cx16 xtpr pdcm pcid dca sse4_1 sse4_2 x2apic popcnt lahf_lm ida arat epb dts tpr_shadow vnmi flexpriority ept vpid
bogomips	: 3989.90
clflush size	: 64
cache_alignment	: 64
address sizes	: 44 bits physical, 48 bits virtual
power management:

processor	: 23
vendor_id	: GenuineIntel
cpu family	: 6
model		: 47
model name	: Intel(R) Xeon(R) CPU E7- 4820  @ 2.00GHz
stepping	: 2
cpu MHz		: 1064.000
cache size	: 18432 KB
physical id	: 3
siblings	: 16
core id		: 25
cpu cores	: 8
apicid		: 242
initial apicid	: 242
fpu		: yes
fpu_exception	: yes
cpuid level	: 11
wp		: yes
flags		: fpu vme de pse tsc msr pae mce cx8 apic sep mtrr pge mca cmov pat pse36 clflush dts acpi mmx fxsr sse sse2 ss ht tm pbe syscall nx pdpe1gb rdtscp lm constant_tsc arch_perfmon pebs bts rep_good xtopology nonstop_tsc aperfmperf pni dtes64 monitor ds_cpl vmx smx est tm2 ssse3 cx16 xtpr pdcm pcid dca sse4_1 sse4_2 x2apic popcnt lahf_lm ida arat epb dts tpr_shadow vnmi flexpriority ept vpid
bogomips	: 3989.88
clflush size	: 64
cache_alignment	: 64
address sizes	: 44 bits physical, 48 bits virtual
power management:

processor	: 24
vendor_id	: GenuineIntel
cpu family	: 6
model		: 47
model name	: Intel(R) Xeon(R) CPU E7- 4820  @ 2.00GHz
stepping	: 2
cpu MHz		: 1996.000
cache size	: 18432 KB
physical id	: 0
siblings	: 16
core id		: 0
cpu cores	: 8
apicid		: 1
initial apicid	: 1
fpu		: yes
fpu_exception	: yes
cpuid level	: 11
wp		: yes
flags		: fpu vme de pse tsc msr pae mce cx8 apic sep mtrr pge mca cmov pat pse36 clflush dts acpi mmx fxsr sse sse2 ss ht tm pbe syscall nx pdpe1gb rdtscp lm constant_tsc arch_perfmon pebs bts rep_good xtopology nonstop_tsc aperfmperf pni dtes64 monitor ds_cpl vmx smx est tm2 ssse3 cx16 xtpr pdcm pcid dca sse4_1 sse4_2 x2apic popcnt lahf_lm ida arat epb dts tpr_shadow vnmi flexpriority ept vpid
bogomips	: 3990.23
clflush size	: 64
cache_alignment	: 64
address sizes	: 44 bits physical, 48 bits virtual
power management:

processor	: 25
vendor_id	: GenuineIntel
cpu family	: 6
model		: 47
model name	: Intel(R) Xeon(R) CPU E7- 4820  @ 2.00GHz
stepping	: 2
cpu MHz		: 1064.000
cache size	: 18432 KB
physical id	: 2
siblings	: 16
core id		: 0
cpu cores	: 8
apicid		: 129
initial apicid	: 129
fpu		: yes
fpu_exception	: yes
cpuid level	: 11
wp		: yes
flags		: fpu vme de pse tsc msr pae mce cx8 apic sep mtrr pge mca cmov pat pse36 clflush dts acpi mmx fxsr sse sse2 ss ht tm pbe syscall nx pdpe1gb rdtscp lm constant_tsc arch_perfmon pebs bts rep_good xtopology nonstop_tsc aperfmperf pni dtes64 monitor ds_cpl vmx smx est tm2 ssse3 cx16 xtpr pdcm pcid dca sse4_1 sse4_2 x2apic popcnt lahf_lm ida arat epb dts tpr_shadow vnmi flexpriority ept vpid
bogomips	: 3989.87
clflush size	: 64
cache_alignment	: 64
address sizes	: 44 bits physical, 48 bits virtual
power management:

processor	: 26
vendor_id	: GenuineIntel
cpu family	: 6
model		: 47
model name	: Intel(R) Xeon(R) CPU E7- 4820  @ 2.00GHz
stepping	: 2
cpu MHz		: 1996.000
cache size	: 18432 KB
physical id	: 1
siblings	: 16
core id		: 0
cpu cores	: 8
apicid		: 65
initial apicid	: 65
fpu		: yes
fpu_exception	: yes
cpuid level	: 11
wp		: yes
flags		: fpu vme de pse tsc msr pae mce cx8 apic sep mtrr pge mca cmov pat pse36 clflush dts acpi mmx fxsr sse sse2 ss ht tm pbe syscall nx pdpe1gb rdtscp lm constant_tsc arch_perfmon pebs bts rep_good xtopology nonstop_tsc aperfmperf pni dtes64 monitor ds_cpl vmx smx est tm2 ssse3 cx16 xtpr pdcm pcid dca sse4_1 sse4_2 x2apic popcnt lahf_lm ida arat epb dts tpr_shadow vnmi flexpriority ept vpid
bogomips	: 3989.90
clflush size	: 64
cache_alignment	: 64
address sizes	: 44 bits physical, 48 bits virtual
power management:

processor	: 27
vendor_id	: GenuineIntel
cpu family	: 6
model		: 47
model name	: Intel(R) Xeon(R) CPU E7- 4820  @ 2.00GHz
stepping	: 2
cpu MHz		: 1064.000
cache size	: 18432 KB
physical id	: 3
siblings	: 16
core id		: 0
cpu cores	: 8
apicid		: 193
initial apicid	: 193
fpu		: yes
fpu_exception	: yes
cpuid level	: 11
wp		: yes
flags		: fpu vme de pse tsc msr pae mce cx8 apic sep mtrr pge mca cmov pat pse36 clflush dts acpi mmx fxsr sse sse2 ss ht tm pbe syscall nx pdpe1gb rdtscp lm constant_tsc arch_perfmon pebs bts rep_good xtopology nonstop_tsc aperfmperf pni dtes64 monitor ds_cpl vmx smx est tm2 ssse3 cx16 xtpr pdcm pcid dca sse4_1 sse4_2 x2apic popcnt lahf_lm ida arat epb dts tpr_shadow vnmi flexpriority ept vpid
bogomips	: 3989.88
clflush size	: 64
cache_alignment	: 64
address sizes	: 44 bits physical, 48 bits virtual
power management:

processor	: 28
vendor_id	: GenuineIntel
cpu family	: 6
model		: 47
model name	: Intel(R) Xeon(R) CPU E7- 4820  @ 2.00GHz
stepping	: 2
cpu MHz		: 1862.000
cache size	: 18432 KB
physical id	: 0
siblings	: 16
core id		: 8
cpu cores	: 8
apicid		: 17
initial apicid	: 17
fpu		: yes
fpu_exception	: yes
cpuid level	: 11
wp		: yes
flags		: fpu vme de pse tsc msr pae mce cx8 apic sep mtrr pge mca cmov pat pse36 clflush dts acpi mmx fxsr sse sse2 ss ht tm pbe syscall nx pdpe1gb rdtscp lm constant_tsc arch_perfmon pebs bts rep_good xtopology nonstop_tsc aperfmperf pni dtes64 monitor ds_cpl vmx smx est tm2 ssse3 cx16 xtpr pdcm pcid dca sse4_1 sse4_2 x2apic popcnt lahf_lm ida arat epb dts tpr_shadow vnmi flexpriority ept vpid
bogomips	: 3990.23
clflush size	: 64
cache_alignment	: 64
address sizes	: 44 bits physical, 48 bits virtual
power management:

processor	: 29
vendor_id	: GenuineIntel
cpu family	: 6
model		: 47
model name	: Intel(R) Xeon(R) CPU E7- 4820  @ 2.00GHz
stepping	: 2
cpu MHz		: 1064.000
cache size	: 18432 KB
physical id	: 2
siblings	: 16
core id		: 8
cpu cores	: 8
apicid		: 145
initial apicid	: 145
fpu		: yes
fpu_exception	: yes
cpuid level	: 11
wp		: yes
flags		: fpu vme de pse tsc msr pae mce cx8 apic sep mtrr pge mca cmov pat pse36 clflush dts acpi mmx fxsr sse sse2 ss ht tm pbe syscall nx pdpe1gb rdtscp lm constant_tsc arch_perfmon pebs bts rep_good xtopology nonstop_tsc aperfmperf pni dtes64 monitor ds_cpl vmx smx est tm2 ssse3 cx16 xtpr pdcm pcid dca sse4_1 sse4_2 x2apic popcnt lahf_lm ida arat epb dts tpr_shadow vnmi flexpriority ept vpid
bogomips	: 3989.87
clflush size	: 64
cache_alignment	: 64
address sizes	: 44 bits physical, 48 bits virtual
power management:

processor	: 30
vendor_id	: GenuineIntel
cpu family	: 6
model		: 47
model name	: Intel(R) Xeon(R) CPU E7- 4820  @ 2.00GHz
stepping	: 2
cpu MHz		: 1064.000
cache size	: 18432 KB
physical id	: 1
siblings	: 16
core id		: 8
cpu cores	: 8
apicid		: 81
initial apicid	: 81
fpu		: yes
fpu_exception	: yes
cpuid level	: 11
wp		: yes
flags		: fpu vme de pse tsc msr pae mce cx8 apic sep mtrr pge mca cmov pat pse36 clflush dts acpi mmx fxsr sse sse2 ss ht tm pbe syscall nx pdpe1gb rdtscp lm constant_tsc arch_perfmon pebs bts rep_good xtopology nonstop_tsc aperfmperf pni dtes64 monitor ds_cpl vmx smx est tm2 ssse3 cx16 xtpr pdcm pcid dca sse4_1 sse4_2 x2apic popcnt lahf_lm ida arat epb dts tpr_shadow vnmi flexpriority ept vpid
bogomips	: 3989.90
clflush size	: 64
cache_alignment	: 64
address sizes	: 44 bits physical, 48 bits virtual
power management:

processor	: 31
vendor_id	: GenuineIntel
cpu family	: 6
model		: 47
model name	: Intel(R) Xeon(R) CPU E7- 4820  @ 2.00GHz
stepping	: 2
cpu MHz		: 1064.000
cache size	: 18432 KB
physical id	: 3
siblings	: 16
core id		: 8
cpu cores	: 8
apicid		: 209
initial apicid	: 209
fpu		: yes
fpu_exception	: yes
cpuid level	: 11
wp		: yes
flags		: fpu vme de pse tsc msr pae mce cx8 apic sep mtrr pge mca cmov pat pse36 clflush dts acpi mmx fxsr sse sse2 ss ht tm pbe syscall nx pdpe1gb rdtscp lm constant_tsc arch_perfmon pebs bts rep_good xtopology nonstop_tsc aperfmperf pni dtes64 monitor ds_cpl vmx smx est tm2 ssse3 cx16 xtpr pdcm pcid dca sse4_1 sse4_2 x2apic popcnt lahf_lm ida arat epb dts tpr_shadow vnmi flexpriority ept vpid
bogomips	: 3989.88
clflush size	: 64
cache_alignment	: 64
address sizes	: 44 bits physical, 48 bits virtual
power management:

processor	: 32
vendor_id	: GenuineIntel
cpu family	: 6
model		: 47
model name	: Intel(R) Xeon(R) CPU E7- 4820  @ 2.00GHz
stepping	: 2
cpu MHz		: 1064.000
cache size	: 18432 KB
physical id	: 0
siblings	: 16
core id		: 24
cpu cores	: 8
apicid		: 49
initial apicid	: 49
fpu		: yes
fpu_exception	: yes
cpuid level	: 11
wp		: yes
flags		: fpu vme de pse tsc msr pae mce cx8 apic sep mtrr pge mca cmov pat pse36 clflush dts acpi mmx fxsr sse sse2 ss ht tm pbe syscall nx pdpe1gb rdtscp lm constant_tsc arch_perfmon pebs bts rep_good xtopology nonstop_tsc aperfmperf pni dtes64 monitor ds_cpl vmx smx est tm2 ssse3 cx16 xtpr pdcm pcid dca sse4_1 sse4_2 x2apic popcnt lahf_lm ida arat epb dts tpr_shadow vnmi flexpriority ept vpid
bogomips	: 3990.23
clflush size	: 64
cache_alignment	: 64
address sizes	: 44 bits physical, 48 bits virtual
power management:

processor	: 33
vendor_id	: GenuineIntel
cpu family	: 6
model		: 47
model name	: Intel(R) Xeon(R) CPU E7- 4820  @ 2.00GHz
stepping	: 2
cpu MHz		: 1064.000
cache size	: 18432 KB
physical id	: 2
siblings	: 16
core id		: 24
cpu cores	: 8
apicid		: 177
initial apicid	: 177
fpu		: yes
fpu_exception	: yes
cpuid level	: 11
wp		: yes
flags		: fpu vme de pse tsc msr pae mce cx8 apic sep mtrr pge mca cmov pat pse36 clflush dts acpi mmx fxsr sse sse2 ss ht tm pbe syscall nx pdpe1gb rdtscp lm constant_tsc arch_perfmon pebs bts rep_good xtopology nonstop_tsc aperfmperf pni dtes64 monitor ds_cpl vmx smx est tm2 ssse3 cx16 xtpr pdcm pcid dca sse4_1 sse4_2 x2apic popcnt lahf_lm ida arat epb dts tpr_shadow vnmi flexpriority ept vpid
bogomips	: 3989.87
clflush size	: 64
cache_alignment	: 64
address sizes	: 44 bits physical, 48 bits virtual
power management:

processor	: 34
vendor_id	: GenuineIntel
cpu family	: 6
model		: 47
model name	: Intel(R) Xeon(R) CPU E7- 4820  @ 2.00GHz
stepping	: 2
cpu MHz		: 1064.000
cache size	: 18432 KB
physical id	: 1
siblings	: 16
core id		: 24
cpu cores	: 8
apicid		: 113
initial apicid	: 113
fpu		: yes
fpu_exception	: yes
cpuid level	: 11
wp		: yes
flags		: fpu vme de pse tsc msr pae mce cx8 apic sep mtrr pge mca cmov pat pse36 clflush dts acpi mmx fxsr sse sse2 ss ht tm pbe syscall nx pdpe1gb rdtscp lm constant_tsc arch_perfmon pebs bts rep_good xtopology nonstop_tsc aperfmperf pni dtes64 monitor ds_cpl vmx smx est tm2 ssse3 cx16 xtpr pdcm pcid dca sse4_1 sse4_2 x2apic popcnt lahf_lm ida arat epb dts tpr_shadow vnmi flexpriority ept vpid
bogomips	: 3989.90
clflush size	: 64
cache_alignment	: 64
address sizes	: 44 bits physical, 48 bits virtual
power management:

processor	: 35
vendor_id	: GenuineIntel
cpu family	: 6
model		: 47
model name	: Intel(R) Xeon(R) CPU E7- 4820  @ 2.00GHz
stepping	: 2
cpu MHz		: 1064.000
cache size	: 18432 KB
physical id	: 3
siblings	: 16
core id		: 24
cpu cores	: 8
apicid		: 241
initial apicid	: 241
fpu		: yes
fpu_exception	: yes
cpuid level	: 11
wp		: yes
flags		: fpu vme de pse tsc msr pae mce cx8 apic sep mtrr pge mca cmov pat pse36 clflush dts acpi mmx fxsr sse sse2 ss ht tm pbe syscall nx pdpe1gb rdtscp lm constant_tsc arch_perfmon pebs bts rep_good xtopology nonstop_tsc aperfmperf pni dtes64 monitor ds_cpl vmx smx est tm2 ssse3 cx16 xtpr pdcm pcid dca sse4_1 sse4_2 x2apic popcnt lahf_lm ida arat epb dts tpr_shadow vnmi flexpriority ept vpid
bogomips	: 3989.88
clflush size	: 64
cache_alignment	: 64
address sizes	: 44 bits physical, 48 bits virtual
power management:

processor	: 36
vendor_id	: GenuineIntel
cpu family	: 6
model		: 47
model name	: Intel(R) Xeon(R) CPU E7- 4820  @ 2.00GHz
stepping	: 2
cpu MHz		: 1064.000
cache size	: 18432 KB
physical id	: 0
siblings	: 16
core id		: 1
cpu cores	: 8
apicid		: 3
initial apicid	: 3
fpu		: yes
fpu_exception	: yes
cpuid level	: 11
wp		: yes
flags		: fpu vme de pse tsc msr pae mce cx8 apic sep mtrr pge mca cmov pat pse36 clflush dts acpi mmx fxsr sse sse2 ss ht tm pbe syscall nx pdpe1gb rdtscp lm constant_tsc arch_perfmon pebs bts rep_good xtopology nonstop_tsc aperfmperf pni dtes64 monitor ds_cpl vmx smx est tm2 ssse3 cx16 xtpr pdcm pcid dca sse4_1 sse4_2 x2apic popcnt lahf_lm ida arat epb dts tpr_shadow vnmi flexpriority ept vpid
bogomips	: 3990.23
clflush size	: 64
cache_alignment	: 64
address sizes	: 44 bits physical, 48 bits virtual
power management:

processor	: 37
vendor_id	: GenuineIntel
cpu family	: 6
model		: 47
model name	: Intel(R) Xeon(R) CPU E7- 4820  @ 2.00GHz
stepping	: 2
cpu MHz		: 1064.000
cache size	: 18432 KB
physical id	: 2
siblings	: 16
core id		: 1
cpu cores	: 8
apicid		: 131
initial apicid	: 131
fpu		: yes
fpu_exception	: yes
cpuid level	: 11
wp		: yes
flags		: fpu vme de pse tsc msr pae mce cx8 apic sep mtrr pge mca cmov pat pse36 clflush dts acpi mmx fxsr sse sse2 ss ht tm pbe syscall nx pdpe1gb rdtscp lm constant_tsc arch_perfmon pebs bts rep_good xtopology nonstop_tsc aperfmperf pni dtes64 monitor ds_cpl vmx smx est tm2 ssse3 cx16 xtpr pdcm pcid dca sse4_1 sse4_2 x2apic popcnt lahf_lm ida arat epb dts tpr_shadow vnmi flexpriority ept vpid
bogomips	: 3989.87
clflush size	: 64
cache_alignment	: 64
address sizes	: 44 bits physical, 48 bits virtual
power management:

processor	: 38
vendor_id	: GenuineIntel
cpu family	: 6
model		: 47
model name	: Intel(R) Xeon(R) CPU E7- 4820  @ 2.00GHz
stepping	: 2
cpu MHz		: 1064.000
cache size	: 18432 KB
physical id	: 1
siblings	: 16
core id		: 1
cpu cores	: 8
apicid		: 67
initial apicid	: 67
fpu		: yes
fpu_exception	: yes
cpuid level	: 11
wp		: yes
flags		: fpu vme de pse tsc msr pae mce cx8 apic sep mtrr pge mca cmov pat pse36 clflush dts acpi mmx fxsr sse sse2 ss ht tm pbe syscall nx pdpe1gb rdtscp lm constant_tsc arch_perfmon pebs bts rep_good xtopology nonstop_tsc aperfmperf pni dtes64 monitor ds_cpl vmx smx est tm2 ssse3 cx16 xtpr pdcm pcid dca sse4_1 sse4_2 x2apic popcnt lahf_lm ida arat epb dts tpr_shadow vnmi flexpriority ept vpid
bogomips	: 3989.90
clflush size	: 64
cache_alignment	: 64
address sizes	: 44 bits physical, 48 bits virtual
power management:

processor	: 39
vendor_id	: GenuineIntel
cpu family	: 6
model		: 47
model name	: Intel(R) Xeon(R) CPU E7- 4820  @ 2.00GHz
stepping	: 2
cpu MHz		: 1064.000
cache size	: 18432 KB
physical id	: 3
siblings	: 16
core id		: 1
cpu cores	: 8
apicid		: 195
initial apicid	: 195
fpu		: yes
fpu_exception	: yes
cpuid level	: 11
wp		: yes
flags		: fpu vme de pse tsc msr pae mce cx8 apic sep mtrr pge mca cmov pat pse36 clflush dts acpi mmx fxsr sse sse2 ss ht tm pbe syscall nx pdpe1gb rdtscp lm constant_tsc arch_perfmon pebs bts rep_good xtopology nonstop_tsc aperfmperf pni dtes64 monitor ds_cpl vmx smx est tm2 ssse3 cx16 xtpr pdcm pcid dca sse4_1 sse4_2 x2apic popcnt lahf_lm ida arat epb dts tpr_shadow vnmi flexpriority ept vpid
bogomips	: 3989.88
clflush size	: 64
cache_alignment	: 64
address sizes	: 44 bits physical, 48 bits virtual
power management:

processor	: 40
vendor_id	: GenuineIntel
cpu family	: 6
model		: 47
model name	: Intel(R) Xeon(R) CPU E7- 4820  @ 2.00GHz
stepping	: 2
cpu MHz		: 1064.000
cache size	: 18432 KB
physical id	: 0
siblings	: 16
core id		: 17
cpu cores	: 8
apicid		: 35
initial apicid	: 35
fpu		: yes
fpu_exception	: yes
cpuid level	: 11
wp		: yes
flags		: fpu vme de pse tsc msr pae mce cx8 apic sep mtrr pge mca cmov pat pse36 clflush dts acpi mmx fxsr sse sse2 ss ht tm pbe syscall nx pdpe1gb rdtscp lm constant_tsc arch_perfmon pebs bts rep_good xtopology nonstop_tsc aperfmperf pni dtes64 monitor ds_cpl vmx smx est tm2 ssse3 cx16 xtpr pdcm pcid dca sse4_1 sse4_2 x2apic popcnt lahf_lm ida arat epb dts tpr_shadow vnmi flexpriority ept vpid
bogomips	: 3990.23
clflush size	: 64
cache_alignment	: 64
address sizes	: 44 bits physical, 48 bits virtual
power management:

processor	: 41
vendor_id	: GenuineIntel
cpu family	: 6
model		: 47
model name	: Intel(R) Xeon(R) CPU E7- 4820  @ 2.00GHz
stepping	: 2
cpu MHz		: 1064.000
cache size	: 18432 KB
physical id	: 2
siblings	: 16
core id		: 17
cpu cores	: 8
apicid		: 163
initial apicid	: 163
fpu		: yes
fpu_exception	: yes
cpuid level	: 11
wp		: yes
flags		: fpu vme de pse tsc msr pae mce cx8 apic sep mtrr pge mca cmov pat pse36 clflush dts acpi mmx fxsr sse sse2 ss ht tm pbe syscall nx pdpe1gb rdtscp lm constant_tsc arch_perfmon pebs bts rep_good xtopology nonstop_tsc aperfmperf pni dtes64 monitor ds_cpl vmx smx est tm2 ssse3 cx16 xtpr pdcm pcid dca sse4_1 sse4_2 x2apic popcnt lahf_lm ida arat epb dts tpr_shadow vnmi flexpriority ept vpid
bogomips	: 3989.87
clflush size	: 64
cache_alignment	: 64
address sizes	: 44 bits physical, 48 bits virtual
power management:

processor	: 42
vendor_id	: GenuineIntel
cpu family	: 6
model		: 47
model name	: Intel(R) Xeon(R) CPU E7- 4820  @ 2.00GHz
stepping	: 2
cpu MHz		: 1996.000
cache size	: 18432 KB
physical id	: 1
siblings	: 16
core id		: 17
cpu cores	: 8
apicid		: 99
initial apicid	: 99
fpu		: yes
fpu_exception	: yes
cpuid level	: 11
wp		: yes
flags		: fpu vme de pse tsc msr pae mce cx8 apic sep mtrr pge mca cmov pat pse36 clflush dts acpi mmx fxsr sse sse2 ss ht tm pbe syscall nx pdpe1gb rdtscp lm constant_tsc arch_perfmon pebs bts rep_good xtopology nonstop_tsc aperfmperf pni dtes64 monitor ds_cpl vmx smx est tm2 ssse3 cx16 xtpr pdcm pcid dca sse4_1 sse4_2 x2apic popcnt lahf_lm ida arat epb dts tpr_shadow vnmi flexpriority ept vpid
bogomips	: 3989.90
clflush size	: 64
cache_alignment	: 64
address sizes	: 44 bits physical, 48 bits virtual
power management:

processor	: 43
vendor_id	: GenuineIntel
cpu family	: 6
model		: 47
model name	: Intel(R) Xeon(R) CPU E7- 4820  @ 2.00GHz
stepping	: 2
cpu MHz		: 1064.000
cache size	: 18432 KB
physical id	: 3
siblings	: 16
core id		: 17
cpu cores	: 8
apicid		: 227
initial apicid	: 227
fpu		: yes
fpu_exception	: yes
cpuid level	: 11
wp		: yes
flags		: fpu vme de pse tsc msr pae mce cx8 apic sep mtrr pge mca cmov pat pse36 clflush dts acpi mmx fxsr sse sse2 ss ht tm pbe syscall nx pdpe1gb rdtscp lm constant_tsc arch_perfmon pebs bts rep_good xtopology nonstop_tsc aperfmperf pni dtes64 monitor ds_cpl vmx smx est tm2 ssse3 cx16 xtpr pdcm pcid dca sse4_1 sse4_2 x2apic popcnt lahf_lm ida arat epb dts tpr_shadow vnmi flexpriority ept vpid
bogomips	: 3989.88
clflush size	: 64
cache_alignment	: 64
address sizes	: 44 bits physical, 48 bits virtual
power management:

processor	: 44
vendor_id	: GenuineIntel
cpu family	: 6
model		: 47
model name	: Intel(R) Xeon(R) CPU E7- 4820  @ 2.00GHz
stepping	: 2
cpu MHz		: 1064.000
cache size	: 18432 KB
physical id	: 0
siblings	: 16
core id		: 25
cpu cores	: 8
apicid		: 51
initial apicid	: 51
fpu		: yes
fpu_exception	: yes
cpuid level	: 11
wp		: yes
flags		: fpu vme de pse tsc msr pae mce cx8 apic sep mtrr pge mca cmov pat pse36 clflush dts acpi mmx fxsr sse sse2 ss ht tm pbe syscall nx pdpe1gb rdtscp lm constant_tsc arch_perfmon pebs bts rep_good xtopology nonstop_tsc aperfmperf pni dtes64 monitor ds_cpl vmx smx est tm2 ssse3 cx16 xtpr pdcm pcid dca sse4_1 sse4_2 x2apic popcnt lahf_lm ida arat epb dts tpr_shadow vnmi flexpriority ept vpid
bogomips	: 3990.23
clflush size	: 64
cache_alignment	: 64
address sizes	: 44 bits physical, 48 bits virtual
power management:

processor	: 45
vendor_id	: GenuineIntel
cpu family	: 6
model		: 47
model name	: Intel(R) Xeon(R) CPU E7- 4820  @ 2.00GHz
stepping	: 2
cpu MHz		: 1064.000
cache size	: 18432 KB
physical id	: 2
siblings	: 16
core id		: 25
cpu cores	: 8
apicid		: 179
initial apicid	: 179
fpu		: yes
fpu_exception	: yes
cpuid level	: 11
wp		: yes
flags		: fpu vme de pse tsc msr pae mce cx8 apic sep mtrr pge mca cmov pat pse36 clflush dts acpi mmx fxsr sse sse2 ss ht tm pbe syscall nx pdpe1gb rdtscp lm constant_tsc arch_perfmon pebs bts rep_good xtopology nonstop_tsc aperfmperf pni dtes64 monitor ds_cpl vmx smx est tm2 ssse3 cx16 xtpr pdcm pcid dca sse4_1 sse4_2 x2apic popcnt lahf_lm ida arat epb dts tpr_shadow vnmi flexpriority ept vpid
bogomips	: 3989.87
clflush size	: 64
cache_alignment	: 64
address sizes	: 44 bits physical, 48 bits virtual
power management:

processor	: 46
vendor_id	: GenuineIntel
cpu family	: 6
model		: 47
model name	: Intel(R) Xeon(R) CPU E7- 4820  @ 2.00GHz
stepping	: 2
cpu MHz		: 1064.000
cache size	: 18432 KB
physical id	: 1
siblings	: 16
core id		: 25
cpu cores	: 8
apicid		: 115
initial apicid	: 115
fpu		: yes
fpu_exception	: yes
cpuid level	: 11
wp		: yes
flags		: fpu vme de pse tsc msr pae mce cx8 apic sep mtrr pge mca cmov pat pse36 clflush dts acpi mmx fxsr sse sse2 ss ht tm pbe syscall nx pdpe1gb rdtscp lm constant_tsc arch_perfmon pebs bts rep_good xtopology nonstop_tsc aperfmperf pni dtes64 monitor ds_cpl vmx smx est tm2 ssse3 cx16 xtpr pdcm pcid dca sse4_1 sse4_2 x2apic popcnt lahf_lm ida arat epb dts tpr_shadow vnmi flexpriority ept vpid
bogomips	: 3989.90
clflush size	: 64
cache_alignment	: 64
address sizes	: 44 bits physical, 48 bits virtual
power management:

processor	: 47
vendor_id	: GenuineIntel
cpu family	: 6
model		: 47
model name	: Intel(R) Xeon(R) CPU E7- 4820  @ 2.00GHz
stepping	: 2
cpu MHz		: 1064.000
cache size	: 18432 KB
physical id	: 3
siblings	: 16
core id		: 25
cpu cores	: 8
apicid		: 243
initial apicid	: 243
fpu		: yes
fpu_exception	: yes
cpuid level	: 11
wp		: yes
flags		: fpu vme de pse tsc msr pae mce cx8 apic sep mtrr pge mca cmov pat pse36 clflush dts acpi mmx fxsr sse sse2 ss ht tm pbe syscall nx pdpe1gb rdtscp lm constant_tsc arch_perfmon pebs bts rep_good xtopology nonstop_tsc aperfmperf pni dtes64 monitor ds_cpl vmx smx est tm2 ssse3 cx16 xtpr pdcm pcid dca sse4_1 sse4_2 x2apic popcnt lahf_lm ida arat epb dts tpr_shadow vnmi flexpriority ept vpid
bogomips	: 3989.88
clflush size	: 64
cache_alignment	: 64
address sizes	: 44 bits physical, 48 bits virtual
power management:

processor	: 48
vendor_id	: GenuineIntel
cpu family	: 6
model		: 47
model name	: Intel(R) Xeon(R) CPU E7- 4820  @ 2.00GHz
stepping	: 2
cpu MHz		: 1064.000
cache size	: 18432 KB
physical id	: 0
siblings	: 16
core id		: 2
cpu cores	: 8
apicid		: 4
initial apicid	: 4
fpu		: yes
fpu_exception	: yes
cpuid level	: 11
wp		: yes
flags		: fpu vme de pse tsc msr pae mce cx8 apic sep mtrr pge mca cmov pat pse36 clflush dts acpi mmx fxsr sse sse2 ss ht tm pbe syscall nx pdpe1gb rdtscp lm constant_tsc arch_perfmon pebs bts rep_good xtopology nonstop_tsc aperfmperf pni dtes64 monitor ds_cpl vmx smx est tm2 ssse3 cx16 xtpr pdcm pcid dca sse4_1 sse4_2 x2apic popcnt lahf_lm ida arat epb dts tpr_shadow vnmi flexpriority ept vpid
bogomips	: 3990.23
clflush size	: 64
cache_alignment	: 64
address sizes	: 44 bits physical, 48 bits virtual
power management:

processor	: 49
vendor_id	: GenuineIntel
cpu family	: 6
model		: 47
model name	: Intel(R) Xeon(R) CPU E7- 4820  @ 2.00GHz
stepping	: 2
cpu MHz		: 1064.000
cache size	: 18432 KB
physical id	: 2
siblings	: 16
core id		: 2
cpu cores	: 8
apicid		: 132
initial apicid	: 132
fpu		: yes
fpu_exception	: yes
cpuid level	: 11
wp		: yes
flags		: fpu vme de pse tsc msr pae mce cx8 apic sep mtrr pge mca cmov pat pse36 clflush dts acpi mmx fxsr sse sse2 ss ht tm pbe syscall nx pdpe1gb rdtscp lm constant_tsc arch_perfmon pebs bts rep_good xtopology nonstop_tsc aperfmperf pni dtes64 monitor ds_cpl vmx smx est tm2 ssse3 cx16 xtpr pdcm pcid dca sse4_1 sse4_2 x2apic popcnt lahf_lm ida arat epb dts tpr_shadow vnmi flexpriority ept vpid
bogomips	: 3989.87
clflush size	: 64
cache_alignment	: 64
address sizes	: 44 bits physical, 48 bits virtual
power management:

processor	: 50
vendor_id	: GenuineIntel
cpu family	: 6
model		: 47
model name	: Intel(R) Xeon(R) CPU E7- 4820  @ 2.00GHz
stepping	: 2
cpu MHz		: 1064.000
cache size	: 18432 KB
physical id	: 1
siblings	: 16
core id		: 2
cpu cores	: 8
apicid		: 68
initial apicid	: 68
fpu		: yes
fpu_exception	: yes
cpuid level	: 11
wp		: yes
flags		: fpu vme de pse tsc msr pae mce cx8 apic sep mtrr pge mca cmov pat pse36 clflush dts acpi mmx fxsr sse sse2 ss ht tm pbe syscall nx pdpe1gb rdtscp lm constant_tsc arch_perfmon pebs bts rep_good xtopology nonstop_tsc aperfmperf pni dtes64 monitor ds_cpl vmx smx est tm2 ssse3 cx16 xtpr pdcm pcid dca sse4_1 sse4_2 x2apic popcnt lahf_lm ida arat epb dts tpr_shadow vnmi flexpriority ept vpid
bogomips	: 3989.90
clflush size	: 64
cache_alignment	: 64
address sizes	: 44 bits physical, 48 bits virtual
power management:

processor	: 51
vendor_id	: GenuineIntel
cpu family	: 6
model		: 47
model name	: Intel(R) Xeon(R) CPU E7- 4820  @ 2.00GHz
stepping	: 2
cpu MHz		: 1064.000
cache size	: 18432 KB
physical id	: 3
siblings	: 16
core id		: 2
cpu cores	: 8
apicid		: 196
initial apicid	: 196
fpu		: yes
fpu_exception	: yes
cpuid level	: 11
wp		: yes
flags		: fpu vme de pse tsc msr pae mce cx8 apic sep mtrr pge mca cmov pat pse36 clflush dts acpi mmx fxsr sse sse2 ss ht tm pbe syscall nx pdpe1gb rdtscp lm constant_tsc arch_perfmon pebs bts rep_good xtopology nonstop_tsc aperfmperf pni dtes64 monitor ds_cpl vmx smx est tm2 ssse3 cx16 xtpr pdcm pcid dca sse4_1 sse4_2 x2apic popcnt lahf_lm ida arat epb dts tpr_shadow vnmi flexpriority ept vpid
bogomips	: 3989.88
clflush size	: 64
cache_alignment	: 64
address sizes	: 44 bits physical, 48 bits virtual
power management:

processor	: 52
vendor_id	: GenuineIntel
cpu family	: 6
model		: 47
model name	: Intel(R) Xeon(R) CPU E7- 4820  @ 2.00GHz
stepping	: 2
cpu MHz		: 1064.000
cache size	: 18432 KB
physical id	: 0
siblings	: 16
core id		: 18
cpu cores	: 8
apicid		: 36
initial apicid	: 36
fpu		: yes
fpu_exception	: yes
cpuid level	: 11
wp		: yes
flags		: fpu vme de pse tsc msr pae mce cx8 apic sep mtrr pge mca cmov pat pse36 clflush dts acpi mmx fxsr sse sse2 ss ht tm pbe syscall nx pdpe1gb rdtscp lm constant_tsc arch_perfmon pebs bts rep_good xtopology nonstop_tsc aperfmperf pni dtes64 monitor ds_cpl vmx smx est tm2 ssse3 cx16 xtpr pdcm pcid dca sse4_1 sse4_2 x2apic popcnt lahf_lm ida arat epb dts tpr_shadow vnmi flexpriority ept vpid
bogomips	: 3990.23
clflush size	: 64
cache_alignment	: 64
address sizes	: 44 bits physical, 48 bits virtual
power management:

processor	: 53
vendor_id	: GenuineIntel
cpu family	: 6
model		: 47
model name	: Intel(R) Xeon(R) CPU E7- 4820  @ 2.00GHz
stepping	: 2
cpu MHz		: 1064.000
cache size	: 18432 KB
physical id	: 2
siblings	: 16
core id		: 18
cpu cores	: 8
apicid		: 164
initial apicid	: 164
fpu		: yes
fpu_exception	: yes
cpuid level	: 11
wp		: yes
flags		: fpu vme de pse tsc msr pae mce cx8 apic sep mtrr pge mca cmov pat pse36 clflush dts acpi mmx fxsr sse sse2 ss ht tm pbe syscall nx pdpe1gb rdtscp lm constant_tsc arch_perfmon pebs bts rep_good xtopology nonstop_tsc aperfmperf pni dtes64 monitor ds_cpl vmx smx est tm2 ssse3 cx16 xtpr pdcm pcid dca sse4_1 sse4_2 x2apic popcnt lahf_lm ida arat epb dts tpr_shadow vnmi flexpriority ept vpid
bogomips	: 3989.87
clflush size	: 64
cache_alignment	: 64
address sizes	: 44 bits physical, 48 bits virtual
power management:

processor	: 54
vendor_id	: GenuineIntel
cpu family	: 6
model		: 47
model name	: Intel(R) Xeon(R) CPU E7- 4820  @ 2.00GHz
stepping	: 2
cpu MHz		: 1064.000
cache size	: 18432 KB
physical id	: 1
siblings	: 16
core id		: 18
cpu cores	: 8
apicid		: 100
initial apicid	: 100
fpu		: yes
fpu_exception	: yes
cpuid level	: 11
wp		: yes
flags		: fpu vme de pse tsc msr pae mce cx8 apic sep mtrr pge mca cmov pat pse36 clflush dts acpi mmx fxsr sse sse2 ss ht tm pbe syscall nx pdpe1gb rdtscp lm constant_tsc arch_perfmon pebs bts rep_good xtopology nonstop_tsc aperfmperf pni dtes64 monitor ds_cpl vmx smx est tm2 ssse3 cx16 xtpr pdcm pcid dca sse4_1 sse4_2 x2apic popcnt lahf_lm ida arat epb dts tpr_shadow vnmi flexpriority ept vpid
bogomips	: 3989.90
clflush size	: 64
cache_alignment	: 64
address sizes	: 44 bits physical, 48 bits virtual
power management:

processor	: 55
vendor_id	: GenuineIntel
cpu family	: 6
model		: 47
model name	: Intel(R) Xeon(R) CPU E7- 4820  @ 2.00GHz
stepping	: 2
cpu MHz		: 1064.000
cache size	: 18432 KB
physical id	: 3
siblings	: 16
core id		: 18
cpu cores	: 8
apicid		: 228
initial apicid	: 228
fpu		: yes
fpu_exception	: yes
cpuid level	: 11
wp		: yes
flags		: fpu vme de pse tsc msr pae mce cx8 apic sep mtrr pge mca cmov pat pse36 clflush dts acpi mmx fxsr sse sse2 ss ht tm pbe syscall nx pdpe1gb rdtscp lm constant_tsc arch_perfmon pebs bts rep_good xtopology nonstop_tsc aperfmperf pni dtes64 monitor ds_cpl vmx smx est tm2 ssse3 cx16 xtpr pdcm pcid dca sse4_1 sse4_2 x2apic popcnt lahf_lm ida arat epb dts tpr_shadow vnmi flexpriority ept vpid
bogomips	: 3989.88
clflush size	: 64
cache_alignment	: 64
address sizes	: 44 bits physical, 48 bits virtual
power management:

processor	: 56
vendor_id	: GenuineIntel
cpu family	: 6
model		: 47
model name	: Intel(R) Xeon(R) CPU E7- 4820  @ 2.00GHz
stepping	: 2
cpu MHz		: 1064.000
cache size	: 18432 KB
physical id	: 0
siblings	: 16
core id		: 2
cpu cores	: 8
apicid		: 5
initial apicid	: 5
fpu		: yes
fpu_exception	: yes
cpuid level	: 11
wp		: yes
flags		: fpu vme de pse tsc msr pae mce cx8 apic sep mtrr pge mca cmov pat pse36 clflush dts acpi mmx fxsr sse sse2 ss ht tm pbe syscall nx pdpe1gb rdtscp lm constant_tsc arch_perfmon pebs bts rep_good xtopology nonstop_tsc aperfmperf pni dtes64 monitor ds_cpl vmx smx est tm2 ssse3 cx16 xtpr pdcm pcid dca sse4_1 sse4_2 x2apic popcnt lahf_lm ida arat epb dts tpr_shadow vnmi flexpriority ept vpid
bogomips	: 3990.23
clflush size	: 64
cache_alignment	: 64
address sizes	: 44 bits physical, 48 bits virtual
power management:

processor	: 57
vendor_id	: GenuineIntel
cpu family	: 6
model		: 47
model name	: Intel(R) Xeon(R) CPU E7- 4820  @ 2.00GHz
stepping	: 2
cpu MHz		: 1064.000
cache size	: 18432 KB
physical id	: 2
siblings	: 16
core id		: 2
cpu cores	: 8
apicid		: 133
initial apicid	: 133
fpu		: yes
fpu_exception	: yes
cpuid level	: 11
wp		: yes
flags		: fpu vme de pse tsc msr pae mce cx8 apic sep mtrr pge mca cmov pat pse36 clflush dts acpi mmx fxsr sse sse2 ss ht tm pbe syscall nx pdpe1gb rdtscp lm constant_tsc arch_perfmon pebs bts rep_good xtopology nonstop_tsc aperfmperf pni dtes64 monitor ds_cpl vmx smx est tm2 ssse3 cx16 xtpr pdcm pcid dca sse4_1 sse4_2 x2apic popcnt lahf_lm ida arat epb dts tpr_shadow vnmi flexpriority ept vpid
bogomips	: 3989.87
clflush size	: 64
cache_alignment	: 64
address sizes	: 44 bits physical, 48 bits virtual
power management:

processor	: 58
vendor_id	: GenuineIntel
cpu family	: 6
model		: 47
model name	: Intel(R) Xeon(R) CPU E7- 4820  @ 2.00GHz
stepping	: 2
cpu MHz		: 1064.000
cache size	: 18432 KB
physical id	: 1
siblings	: 16
core id		: 2
cpu cores	: 8
apicid		: 69
initial apicid	: 69
fpu		: yes
fpu_exception	: yes
cpuid level	: 11
wp		: yes
flags		: fpu vme de pse tsc msr pae mce cx8 apic sep mtrr pge mca cmov pat pse36 clflush dts acpi mmx fxsr sse sse2 ss ht tm pbe syscall nx pdpe1gb rdtscp lm constant_tsc arch_perfmon pebs bts rep_good xtopology nonstop_tsc aperfmperf pni dtes64 monitor ds_cpl vmx smx est tm2 ssse3 cx16 xtpr pdcm pcid dca sse4_1 sse4_2 x2apic popcnt lahf_lm ida arat epb dts tpr_shadow vnmi flexpriority ept vpid
bogomips	: 3989.90
clflush size	: 64
cache_alignment	: 64
address sizes	: 44 bits physical, 48 bits virtual
power management:

processor	: 59
vendor_id	: GenuineIntel
cpu family	: 6
model		: 47
model name	: Intel(R) Xeon(R) CPU E7- 4820  @ 2.00GHz
stepping	: 2
cpu MHz		: 1996.000
cache size	: 18432 KB
physical id	: 3
siblings	: 16
core id		: 2
cpu cores	: 8
apicid		: 197
initial apicid	: 197
fpu		: yes
fpu_exception	: yes
cpuid level	: 11
wp		: yes
flags		: fpu vme de pse tsc msr pae mce cx8 apic sep mtrr pge mca cmov pat pse36 clflush dts acpi mmx fxsr sse sse2 ss ht tm pbe syscall nx pdpe1gb rdtscp lm constant_tsc arch_perfmon pebs bts rep_good xtopology nonstop_tsc aperfmperf pni dtes64 monitor ds_cpl vmx smx est tm2 ssse3 cx16 xtpr pdcm pcid dca sse4_1 sse4_2 x2apic popcnt lahf_lm ida arat epb dts tpr_shadow vnmi flexpriority ept vpid
bogomips	: 3989.88
clflush size	: 64
cache_alignment	: 64
address sizes	: 44 bits physical, 48 bits virtual
power management:

processor	: 60
vendor_id	: GenuineIntel
cpu family	: 6
model		: 47
model name	: Intel(R) Xeon(R) CPU E7- 4820  @ 2.00GHz
stepping	: 2
cpu MHz		: 1064.000
cache size	: 18432 KB
physical id	: 0
siblings	: 16
core id		: 18
cpu cores	: 8
apicid		: 37
initial apicid	: 37
fpu		: yes
fpu_exception	: yes
cpuid level	: 11
wp		: yes
flags		: fpu vme de pse tsc msr pae mce cx8 apic sep mtrr pge mca cmov pat pse36 clflush dts acpi mmx fxsr sse sse2 ss ht tm pbe syscall nx pdpe1gb rdtscp lm constant_tsc arch_perfmon pebs bts rep_good xtopology nonstop_tsc aperfmperf pni dtes64 monitor ds_cpl vmx smx est tm2 ssse3 cx16 xtpr pdcm pcid dca sse4_1 sse4_2 x2apic popcnt lahf_lm ida arat epb dts tpr_shadow vnmi flexpriority ept vpid
bogomips	: 3990.23
clflush size	: 64
cache_alignment	: 64
address sizes	: 44 bits physical, 48 bits virtual
power management:

processor	: 61
vendor_id	: GenuineIntel
cpu family	: 6
model		: 47
model name	: Intel(R) Xeon(R) CPU E7- 4820  @ 2.00GHz
stepping	: 2
cpu MHz		: 1064.000
cache size	: 18432 KB
physical id	: 2
siblings	: 16
core id		: 18
cpu cores	: 8
apicid		: 165
initial apicid	: 165
fpu		: yes
fpu_exception	: yes
cpuid level	: 11
wp		: yes
flags		: fpu vme de pse tsc msr pae mce cx8 apic sep mtrr pge mca cmov pat pse36 clflush dts acpi mmx fxsr sse sse2 ss ht tm pbe syscall nx pdpe1gb rdtscp lm constant_tsc arch_perfmon pebs bts rep_good xtopology nonstop_tsc aperfmperf pni dtes64 monitor ds_cpl vmx smx est tm2 ssse3 cx16 xtpr pdcm pcid dca sse4_1 sse4_2 x2apic popcnt lahf_lm ida arat epb dts tpr_shadow vnmi flexpriority ept vpid
bogomips	: 3989.87
clflush size	: 64
cache_alignment	: 64
address sizes	: 44 bits physical, 48 bits virtual
power management:

processor	: 62
vendor_id	: GenuineIntel
cpu family	: 6
model		: 47
model name	: Intel(R) Xeon(R) CPU E7- 4820  @ 2.00GHz
stepping	: 2
cpu MHz		: 1064.000
cache size	: 18432 KB
physical id	: 1
siblings	: 16
core id		: 18
cpu cores	: 8
apicid		: 101
initial apicid	: 101
fpu		: yes
fpu_exception	: yes
cpuid level	: 11
wp		: yes
flags		: fpu vme de pse tsc msr pae mce cx8 apic sep mtrr pge mca cmov pat pse36 clflush dts acpi mmx fxsr sse sse2 ss ht tm pbe syscall nx pdpe1gb rdtscp lm constant_tsc arch_perfmon pebs bts rep_good xtopology nonstop_tsc aperfmperf pni dtes64 monitor ds_cpl vmx smx est tm2 ssse3 cx16 xtpr pdcm pcid dca sse4_1 sse4_2 x2apic popcnt lahf_lm ida arat epb dts tpr_shadow vnmi flexpriority ept vpid
bogomips	: 3989.90
clflush size	: 64
cache_alignment	: 64
address sizes	: 44 bits physical, 48 bits virtual
power management:

processor	: 63
vendor_id	: GenuineIntel
cpu family	: 6
model		: 47
model name	: Intel(R) Xeon(R) CPU E7- 4820  @ 2.00GHz
stepping	: 2
cpu MHz		: 1064.000
cache size	: 18432 KB
physical id	: 3
siblings	: 16
core id		: 18
cpu cores	: 8
apicid		: 229
initial apicid	: 229
fpu		: yes
fpu_exception	: yes
cpuid level	: 11
wp		: yes
flags		: fpu vme de pse tsc msr pae mce cx8 apic sep mtrr pge mca cmov pat pse36 clflush dts acpi mmx fxsr sse sse2 ss ht tm pbe syscall nx pdpe1gb rdtscp lm constant_tsc arch_perfmon pebs bts rep_good xtopology nonstop_tsc aperfmperf pni dtes64 monitor ds_cpl vmx smx est tm2 ssse3 cx16 xtpr pdcm pcid dca sse4_1 sse4_2 x2apic popcnt lahf_lm ida arat epb dts tpr_shadow vnmi flexpriority ept vpid
bogomips	: 3989.88
clflush size	: 64
cache_alignment	: 64
address sizes	: 44 bits physical, 48 bits virtual
power management:



Memory: 4k page, physical 529231344k(457354788k free), swap 10485752k(10485752k free)

vm_info: Java HotSpot(TM) 64-Bit Server VM (23.25-b01) for linux-amd64 JRE (1.7.0_25-b15), built on Jun  5 2013 20:48:36 by "java_re" with gcc 4.3.0 20080428 (Red Hat 4.3.0-8)

time: Sat Oct 12 15:18:43 2013
elapsed time: 0 seconds

